Build started 12/09/2012 11:44:52 AM.
     1>Project "D:\Compu\2012 C4E\Semestre 2\2-2\C y  C++\Calcu\Calcu\Calcu.vcxproj" on node 2 (Build target(s)).
     1>InitializeBuildStatus:
         Creating "Debug\Calcu.unsuccessfulbuild" because "AlwaysCreate" was specified.
       GenerateTargetFrameworkMonikerAttribute:
       Skipping target "GenerateTargetFrameworkMonikerAttribute" because all output files are up-to-date with respect to the input files.
       ClCompile:
         All outputs are up-to-date.
         C:\Program Files\Microsoft Visual Studio 11.0\VC\bin\CL.exe /c /AI"C:\Program Files\Reference Assemblies\Microsoft\Framework\.NETFramework\v4.5\\" /AI"C:\Program Files\Windows Kits\8.0\Windows Metadata" /Zi /clr:pure /nologo /W3 /WX- /Od /Oy- /D WIN32 /D _DEBUG /D _UNICODE /D UNICODE /EHa /MDd /GS /fp:precise /Zc:wchar_t /Zc:forScope /Yu"stdafx.h" /Fp"Debug\Calcu.pch" /Fo"Debug\\" /Fd"Debug\vc110.pdb" /TP /FU"C:\Program Files\Reference Assemblies\Microsoft\Framework\.NETFramework\v4.5\mscorlib.dll" /FU"C:\Program Files\Reference Assemblies\Microsoft\Framework\.NETFramework\v4.5\System.Data.dll" /FU"C:\Program Files\Reference Assemblies\Microsoft\Framework\.NETFramework\v4.5\System.dll" /FU"C:\Program Files\Reference Assemblies\Microsoft\Framework\.NETFramework\v4.5\System.Drawing.dll" /FU"C:\Program Files\Reference Assemblies\Microsoft\Framework\.NETFramework\v4.5\System.Windows.Forms.dll" /FU"C:\Program Files\Reference Assemblies\Microsoft\Framework\.NETFramework\v4.5\System.Xml.dll" /analyze- /errorReport:prompt /clr:nostdlib Calcu.cpp
         Calcu.cpp
         All outputs are up-to-date.
       CoreResGen:
         No resources are out of date with respect to their source files. Skipping resource generation.
       ResourceCompile:
         All outputs are up-to-date.
       Link:
         C:\Program Files\Microsoft Visual Studio 11.0\VC\bin\link.exe /ERRORREPORT:PROMPT /OUT:"D:\Compu\2012 C4E\Semestre 2\2-2\C y  C++\Calcu\Debug\Calcu.exe" /INCREMENTAL /NOLOGO /ASSEMBLYRESOURCE:Debug\Calcu.Form1.resources /MANIFEST /ManifestFile:"Debug\Calcu.exe.intermediate.manifest" /MANIFESTUAC:"level='asInvoker' uiAccess='false'" /DEBUG /PDB:"D:\Compu\2012 C4E\Semestre 2\2-2\C y  C++\Calcu\Debug\Calcu.pdb" /ASSEMBLYDEBUG /SUBSYSTEM:WINDOWS /TLBID:1 /ENTRY:"main" /DYNAMICBASE /FIXED:NO /NXCOMPAT /MACHINE:X86 Debug\app.res
         Debug\AssemblyInfo.obj
         Debug\Calcu.obj
         Debug\stdafx.obj
         "Debug\.NETFramework,Version=v4.5.AssemblyAttributes.obj"
         LINK : MSIL module encountered; incremental linking is disabled for MSIL; performing full link
         Calcu.vcxproj -> D:\Compu\2012 C4E\Semestre 2\2-2\C y  C++\Calcu\Debug\Calcu.exe
       Manifest:
         C:\Program Files\Windows Kits\8.0\bin\x86\mt.exe /nologo /verbose /outputresource:"D:\Compu\2012 C4E\Semestre 2\2-2\C y  C++\Calcu\Debug\Calcu.exe;#1" /manifest Debug\Calcu.exe.intermediate.manifest
       FinalizeBuildStatus:
         Deleting file "Debug\Calcu.unsuccessfulbuild".
         Touching "Debug\Calcu.lastbuildstate".
     1>Done Building Project "D:\Compu\2012 C4E\Semestre 2\2-2\C y  C++\Calcu\Calcu\Calcu.vcxproj" (Build target(s)).

Build succeeded.

Time Elapsed 00:00:05.15
